[2018-08-13 10:40:42.389]-INFO-[biz:][sys:][org.springframework.boot.StartupInfoLogger-logStarting-48][][Starting SpringbootSecuringWebApplication on lijiepeng-pc with PID 7148 (D:\0_workspace_mytest\01_github\SpringCloudDemo\springboot-securing-web\target\classes started by x_lilong in D:\0_workspace_mytest\01_github\SpringCloudDemo\springboot-securing-web)]
[2018-08-13 10:40:42.403]-INFO-[biz:][sys:][org.springframework.boot.SpringApplication-logStartupProfileInfo-593][][No active profile set, falling back to default profiles: default]
[2018-08-13 10:40:43.121]-INFO-[biz:][sys:][org.springframework.context.support.AbstractApplicationContext-prepareRefresh-583][][Refreshing org.springframework.boot.context.embedded.AnnotationConfigEmbeddedWebApplicationContext@22635ba0: startup date [Mon Aug 13 10:40:43 CST 2018]; root of context hierarchy]
[2018-08-13 10:40:44.080]-INFO-[biz:][sys:][org.hibernate.validator.internal.util.Version-<clinit>-30][][HV000001: Hibernate Validator 5.3.6.Final]
[2018-08-13 10:40:47.197]-INFO-[biz:][sys:][org.springframework.boot.context.embedded.tomcat.TomcatEmbeddedServletContainer-initialize-92][][Tomcat initialized with port(s): 2201 (http)]
[2018-08-13 10:40:47.235]-INFO-[biz:][sys:][org.apache.juli.logging.DirectJDKLog-log-180][][Initializing ProtocolHandler ["http-nio-2201"]]
[2018-08-13 10:40:47.261]-INFO-[biz:][sys:][org.apache.juli.logging.DirectJDKLog-log-180][][Starting service [Tomcat]]
[2018-08-13 10:40:47.261]-INFO-[biz:][sys:][org.apache.juli.logging.DirectJDKLog-log-180][][Starting Servlet Engine: Apache Tomcat/8.5.32]
[2018-08-13 10:40:47.622]-INFO-[biz:][sys:][org.apache.juli.logging.DirectJDKLog-log-180][][Initializing Spring embedded WebApplicationContext]
[2018-08-13 10:40:47.623]-INFO-[biz:][sys:][org.springframework.boot.context.embedded.EmbeddedWebApplicationContext-prepareEmbeddedWebApplicationContext-276][][Root WebApplicationContext: initialization completed in 4502 ms]
[2018-08-13 10:40:47.930]-INFO-[biz:][sys:][org.springframework.boot.web.servlet.AbstractFilterRegistrationBean-configure-259][][Mapping filter: 'characterEncodingFilter' to: [/*]]
[2018-08-13 10:40:47.931]-INFO-[biz:][sys:][org.springframework.boot.web.servlet.AbstractFilterRegistrationBean-configure-259][][Mapping filter: 'hiddenHttpMethodFilter' to: [/*]]
[2018-08-13 10:40:47.931]-INFO-[biz:][sys:][org.springframework.boot.web.servlet.AbstractFilterRegistrationBean-configure-259][][Mapping filter: 'httpPutFormContentFilter' to: [/*]]
[2018-08-13 10:40:47.931]-INFO-[biz:][sys:][org.springframework.boot.web.servlet.AbstractFilterRegistrationBean-configure-259][][Mapping filter: 'requestContextFilter' to: [/*]]
[2018-08-13 10:40:47.933]-INFO-[biz:][sys:][org.springframework.boot.web.servlet.AbstractFilterRegistrationBean-configure-259][][Mapping filter: 'springSecurityFilterChain' to: [/*]]
[2018-08-13 10:40:47.933]-INFO-[biz:][sys:][org.springframework.boot.web.servlet.ServletRegistrationBean-onStartup-191][][Mapping servlet: 'dispatcherServlet' to [/]]
[2018-08-13 10:40:48.352]-INFO-[biz:][sys:][org.springframework.web.servlet.mvc.method.annotation.RequestMappingHandlerAdapter-initControllerAdviceCache-534][][Looking for @ControllerAdvice: org.springframework.boot.context.embedded.AnnotationConfigEmbeddedWebApplicationContext@22635ba0: startup date [Mon Aug 13 10:40:43 CST 2018]; root of context hierarchy]
[2018-08-13 10:40:48.429]-INFO-[biz:][sys:][org.springframework.web.servlet.handler.AbstractHandlerMethodMapping$MappingRegistry-register-543][][Mapped "{[/error]}" onto public org.springframework.http.ResponseEntity<java.util.Map<java.lang.String, java.lang.Object>> org.springframework.boot.autoconfigure.web.BasicErrorController.error(javax.servlet.http.HttpServletRequest)]
[2018-08-13 10:40:48.431]-INFO-[biz:][sys:][org.springframework.web.servlet.handler.AbstractHandlerMethodMapping$MappingRegistry-register-543][][Mapped "{[/error],produces=[text/html]}" onto public org.springframework.web.servlet.ModelAndView org.springframework.boot.autoconfigure.web.BasicErrorController.errorHtml(javax.servlet.http.HttpServletRequest,javax.servlet.http.HttpServletResponse)]
[2018-08-13 10:40:48.450]-INFO-[biz:][sys:][org.springframework.web.servlet.handler.AbstractUrlHandlerMapping-registerHandler-362][][Mapped URL path [/home] onto handler of type [class org.springframework.web.servlet.mvc.ParameterizableViewController]]
[2018-08-13 10:40:48.450]-INFO-[biz:][sys:][org.springframework.web.servlet.handler.AbstractUrlHandlerMapping-registerHandler-349][][Root mapping to handler of type [class org.springframework.web.servlet.mvc.ParameterizableViewController]]
[2018-08-13 10:40:48.451]-INFO-[biz:][sys:][org.springframework.web.servlet.handler.AbstractUrlHandlerMapping-registerHandler-362][][Mapped URL path [/hello] onto handler of type [class org.springframework.web.servlet.mvc.ParameterizableViewController]]
[2018-08-13 10:40:48.451]-INFO-[biz:][sys:][org.springframework.web.servlet.handler.AbstractUrlHandlerMapping-registerHandler-362][][Mapped URL path [/login] onto handler of type [class org.springframework.web.servlet.mvc.ParameterizableViewController]]
[2018-08-13 10:40:48.465]-INFO-[biz:][sys:][org.springframework.web.servlet.handler.AbstractUrlHandlerMapping-registerHandler-362][][Mapped URL path [/webjars/**] onto handler of type [class org.springframework.web.servlet.resource.ResourceHttpRequestHandler]]
[2018-08-13 10:40:48.465]-INFO-[biz:][sys:][org.springframework.web.servlet.handler.AbstractUrlHandlerMapping-registerHandler-362][][Mapped URL path [/**] onto handler of type [class org.springframework.web.servlet.resource.ResourceHttpRequestHandler]]
[2018-08-13 10:40:48.510]-INFO-[biz:][sys:][org.springframework.web.servlet.handler.AbstractUrlHandlerMapping-registerHandler-362][][Mapped URL path [/**/favicon.ico] onto handler of type [class org.springframework.web.servlet.resource.ResourceHttpRequestHandler]]
[2018-08-13 10:40:49.170]-INFO-[biz:][sys:][org.springframework.boot.autoconfigure.security.AuthenticationManagerConfiguration$DefaultInMemoryUserDetailsManagerConfigurer-configure-173][][

Using default security password: 2041245d-100b-43fc-953a-08f42cff0cc6
]
[2018-08-13 10:40:49.395]-INFO-[biz:][sys:][org.springframework.security.web.DefaultSecurityFilterChain-<init>-43][][Creating filter chain: OrRequestMatcher [requestMatchers=[Ant [pattern='/css/**'], Ant [pattern='/js/**'], Ant [pattern='/images/**'], Ant [pattern='/webjars/**'], Ant [pattern='/**/favicon.ico'], Ant [pattern='/error']]], []]
[2018-08-13 10:40:49.482]-INFO-[biz:][sys:][org.springframework.security.web.DefaultSecurityFilterChain-<init>-43][][Creating filter chain: OrRequestMatcher [requestMatchers=[Ant [pattern='/**']]], [org.springframework.security.web.context.request.async.WebAsyncManagerIntegrationFilter@5176d279, org.springframework.security.web.context.SecurityContextPersistenceFilter@5432c277, org.springframework.security.web.header.HeaderWriterFilter@6a282fdd, org.springframework.security.web.authentication.logout.LogoutFilter@2babf189, org.springframework.security.web.authentication.www.BasicAuthenticationFilter@7063686f, org.springframework.security.web.savedrequest.RequestCacheAwareFilter@1128620c, org.springframework.security.web.servletapi.SecurityContextHolderAwareRequestFilter@f446158, org.springframework.security.web.authentication.AnonymousAuthenticationFilter@373f7450, org.springframework.security.web.session.SessionManagementFilter@28fd3dc1, org.springframework.security.web.access.ExceptionTranslationFilter@6d5037a9, org.springframework.security.web.access.intercept.FilterSecurityInterceptor@4efc25fc]]
[2018-08-13 10:40:49.606]-INFO-[biz:][sys:][org.springframework.jmx.export.MBeanExporter-afterSingletonsInstantiated-431][][Registering beans for JMX exposure on startup]
[2018-08-13 10:40:49.625]-INFO-[biz:][sys:][org.apache.juli.logging.DirectJDKLog-log-180][][Starting ProtocolHandler ["http-nio-2201"]]
[2018-08-13 10:40:49.744]-INFO-[biz:][sys:][org.apache.juli.logging.DirectJDKLog-log-180][][Using a shared selector for servlet write/read]
[2018-08-13 10:40:49.771]-INFO-[biz:][sys:][org.springframework.boot.context.embedded.tomcat.TomcatEmbeddedServletContainer-start-216][][Tomcat started on port(s): 2201 (http)]
[2018-08-13 10:40:49.778]-INFO-[biz:][sys:][org.springframework.boot.StartupInfoLogger-logStarted-57][][Started SpringbootSecuringWebApplication in 8.492 seconds (JVM running for 10.036)]
[2018-08-13 10:41:31.133]-INFO-[biz:][sys:][org.apache.juli.logging.DirectJDKLog-log-180][][Initializing Spring FrameworkServlet 'dispatcherServlet']
[2018-08-13 10:41:31.134]-INFO-[biz:][sys:][org.springframework.web.servlet.FrameworkServlet-initServletBean-489][][FrameworkServlet 'dispatcherServlet': initialization started]
[2018-08-13 10:41:31.191]-INFO-[biz:][sys:][org.springframework.web.servlet.FrameworkServlet-initServletBean-508][][FrameworkServlet 'dispatcherServlet': initialization completed in 57 ms]
