2018-08-13 10:48:00.882  INFO 5912 --- [main] c.e.s.SpringbootSecuringWebApplication   : Starting SpringbootSecuringWebApplication on lijiepeng-pc with PID 5912 (D:\0_workspace_mytest\01_github\SpringCloudDemo\springboot-securing-web\target\classes started by x_lilong in D:\0_workspace_mytest\01_github\SpringCloudDemo\springboot-securing-web)
2018-08-13 10:48:00.886  INFO 5912 --- [main] c.e.s.SpringbootSecuringWebApplication   : No active profile set, falling back to default profiles: default
2018-08-13 10:48:01.150  INFO 5912 --- [main] ationConfigEmbeddedWebApplicationContext : Refreshing org.springframework.boot.context.embedded.AnnotationConfigEmbeddedWebApplicationContext@11e21d0e: startup date [Mon Aug 13 10:48:01 CST 2018]; root of context hierarchy
2018-08-13 10:48:02.788  INFO 5912 --- [main] s.b.c.e.t.TomcatEmbeddedServletContainer : Tomcat initialized with port(s): 2201 (http)
2018-08-13 10:48:02.827  INFO 5912 --- [main] o.apache.catalina.core.StandardService   : Starting service [Tomcat]
2018-08-13 10:48:02.828  INFO 5912 --- [main] org.apache.catalina.core.StandardEngine  : Starting Servlet Engine: Apache Tomcat/8.5.32
2018-08-13 10:48:03.014  INFO 5912 --- [localhost-startStop-1] o.a.c.c.C.[Tomcat].[localhost].[/]       : Initializing Spring embedded WebApplicationContext
2018-08-13 10:48:03.014  INFO 5912 --- [localhost-startStop-1] o.s.web.context.ContextLoader            : Root WebApplicationContext: initialization completed in 1867 ms
2018-08-13 10:48:03.270  INFO 5912 --- [localhost-startStop-1] o.s.b.w.servlet.ServletRegistrationBean  : Mapping servlet: 'dispatcherServlet' to [/]
2018-08-13 10:48:03.274  INFO 5912 --- [localhost-startStop-1] o.s.b.w.servlet.FilterRegistrationBean   : Mapping filter: 'characterEncodingFilter' to: [/*]
2018-08-13 10:48:03.275  INFO 5912 --- [localhost-startStop-1] o.s.b.w.servlet.FilterRegistrationBean   : Mapping filter: 'hiddenHttpMethodFilter' to: [/*]
2018-08-13 10:48:03.276  INFO 5912 --- [localhost-startStop-1] o.s.b.w.servlet.FilterRegistrationBean   : Mapping filter: 'httpPutFormContentFilter' to: [/*]
2018-08-13 10:48:03.276  INFO 5912 --- [localhost-startStop-1] o.s.b.w.servlet.FilterRegistrationBean   : Mapping filter: 'requestContextFilter' to: [/*]
2018-08-13 10:48:03.658  INFO 5912 --- [main] s.w.s.m.m.a.RequestMappingHandlerAdapter : Looking for @ControllerAdvice: org.springframework.boot.context.embedded.AnnotationConfigEmbeddedWebApplicationContext@11e21d0e: startup date [Mon Aug 13 10:48:01 CST 2018]; root of context hierarchy
2018-08-13 10:48:03.737  INFO 5912 --- [main] s.w.s.m.m.a.RequestMappingHandlerMapping : Mapped "{[/error]}" onto public org.springframework.http.ResponseEntity<java.util.Map<java.lang.String, java.lang.Object>> org.springframework.boot.autoconfigure.web.BasicErrorController.error(javax.servlet.http.HttpServletRequest)
2018-08-13 10:48:03.739  INFO 5912 --- [main] s.w.s.m.m.a.RequestMappingHandlerMapping : Mapped "{[/error],produces=[text/html]}" onto public org.springframework.web.servlet.ModelAndView org.springframework.boot.autoconfigure.web.BasicErrorController.errorHtml(javax.servlet.http.HttpServletRequest,javax.servlet.http.HttpServletResponse)
2018-08-13 10:48:03.762  INFO 5912 --- [main] o.s.w.s.handler.SimpleUrlHandlerMapping  : Mapped URL path [/home] onto handler of type [class org.springframework.web.servlet.mvc.ParameterizableViewController]
2018-08-13 10:48:03.762  INFO 5912 --- [main] o.s.w.s.handler.SimpleUrlHandlerMapping  : Root mapping to handler of type [class org.springframework.web.servlet.mvc.ParameterizableViewController]
2018-08-13 10:48:03.763  INFO 5912 --- [main] o.s.w.s.handler.SimpleUrlHandlerMapping  : Mapped URL path [/hello] onto handler of type [class org.springframework.web.servlet.mvc.ParameterizableViewController]
2018-08-13 10:48:03.763  INFO 5912 --- [main] o.s.w.s.handler.SimpleUrlHandlerMapping  : Mapped URL path [/login] onto handler of type [class org.springframework.web.servlet.mvc.ParameterizableViewController]
2018-08-13 10:48:03.778  INFO 5912 --- [main] o.s.w.s.handler.SimpleUrlHandlerMapping  : Mapped URL path [/webjars/**] onto handler of type [class org.springframework.web.servlet.resource.ResourceHttpRequestHandler]
2018-08-13 10:48:03.778  INFO 5912 --- [main] o.s.w.s.handler.SimpleUrlHandlerMapping  : Mapped URL path [/**] onto handler of type [class org.springframework.web.servlet.resource.ResourceHttpRequestHandler]
2018-08-13 10:48:03.823  INFO 5912 --- [main] o.s.w.s.handler.SimpleUrlHandlerMapping  : Mapped URL path [/**/favicon.ico] onto handler of type [class org.springframework.web.servlet.resource.ResourceHttpRequestHandler]
2018-08-13 10:48:04.294  INFO 5912 --- [main] o.s.j.e.a.AnnotationMBeanExporter        : Registering beans for JMX exposure on startup
2018-08-13 10:48:04.348  INFO 5912 --- [main] s.b.c.e.t.TomcatEmbeddedServletContainer : Tomcat started on port(s): 2201 (http)
2018-08-13 10:48:04.354  INFO 5912 --- [main] c.e.s.SpringbootSecuringWebApplication   : Started SpringbootSecuringWebApplication in 3.863 seconds (JVM running for 4.364)
2018-08-13 10:48:11.973  INFO 5912 --- [http-nio-2201-exec-2] o.a.c.c.C.[Tomcat].[localhost].[/]       : Initializing Spring FrameworkServlet 'dispatcherServlet'
2018-08-13 10:48:11.973  INFO 5912 --- [http-nio-2201-exec-2] o.s.web.servlet.DispatcherServlet        : FrameworkServlet 'dispatcherServlet': initialization started
2018-08-13 10:48:12.011  INFO 5912 --- [http-nio-2201-exec-2] o.s.web.servlet.DispatcherServlet        : FrameworkServlet 'dispatcherServlet': initialization completed in 38 ms
2018-08-13 10:48:50.065  INFO 676 --- [main] c.e.s.SpringbootSecuringWebApplication   : Starting SpringbootSecuringWebApplication on lijiepeng-pc with PID 676 (D:\0_workspace_mytest\01_github\SpringCloudDemo\springboot-securing-web\target\classes started by x_lilong in D:\0_workspace_mytest\01_github\SpringCloudDemo\springboot-securing-web)
2018-08-13 10:48:50.069  INFO 676 --- [main] c.e.s.SpringbootSecuringWebApplication   : No active profile set, falling back to default profiles: default
2018-08-13 10:48:50.337  INFO 676 --- [main] ationConfigEmbeddedWebApplicationContext : Refreshing org.springframework.boot.context.embedded.AnnotationConfigEmbeddedWebApplicationContext@11e21d0e: startup date [Mon Aug 13 10:48:50 CST 2018]; root of context hierarchy
2018-08-13 10:48:51.917  INFO 676 --- [main] s.b.c.e.t.TomcatEmbeddedServletContainer : Tomcat initialized with port(s): 2201 (http)
2018-08-13 10:48:51.960  INFO 676 --- [main] o.apache.catalina.core.StandardService   : Starting service [Tomcat]
2018-08-13 10:48:51.960  INFO 676 --- [main] org.apache.catalina.core.StandardEngine  : Starting Servlet Engine: Apache Tomcat/8.5.32
2018-08-13 10:48:52.155  INFO 676 --- [localhost-startStop-1] o.a.c.c.C.[Tomcat].[localhost].[/]       : Initializing Spring embedded WebApplicationContext
2018-08-13 10:48:52.155  INFO 676 --- [localhost-startStop-1] o.s.web.context.ContextLoader            : Root WebApplicationContext: initialization completed in 1821 ms
2018-08-13 10:48:52.414  INFO 676 --- [localhost-startStop-1] o.s.b.w.servlet.ServletRegistrationBean  : Mapping servlet: 'dispatcherServlet' to [/]
2018-08-13 10:48:52.418  INFO 676 --- [localhost-startStop-1] o.s.b.w.servlet.FilterRegistrationBean   : Mapping filter: 'characterEncodingFilter' to: [/*]
2018-08-13 10:48:52.419  INFO 676 --- [localhost-startStop-1] o.s.b.w.servlet.FilterRegistrationBean   : Mapping filter: 'hiddenHttpMethodFilter' to: [/*]
2018-08-13 10:48:52.419  INFO 676 --- [localhost-startStop-1] o.s.b.w.servlet.FilterRegistrationBean   : Mapping filter: 'httpPutFormContentFilter' to: [/*]
2018-08-13 10:48:52.419  INFO 676 --- [localhost-startStop-1] o.s.b.w.servlet.FilterRegistrationBean   : Mapping filter: 'requestContextFilter' to: [/*]
2018-08-13 10:48:52.753  INFO 676 --- [main] s.w.s.m.m.a.RequestMappingHandlerAdapter : Looking for @ControllerAdvice: org.springframework.boot.context.embedded.AnnotationConfigEmbeddedWebApplicationContext@11e21d0e: startup date [Mon Aug 13 10:48:50 CST 2018]; root of context hierarchy
2018-08-13 10:48:52.847  INFO 676 --- [main] s.w.s.m.m.a.RequestMappingHandlerMapping : Mapped "{[/error]}" onto public org.springframework.http.ResponseEntity<java.util.Map<java.lang.String, java.lang.Object>> org.springframework.boot.autoconfigure.web.BasicErrorController.error(javax.servlet.http.HttpServletRequest)
2018-08-13 10:48:52.849  INFO 676 --- [main] s.w.s.m.m.a.RequestMappingHandlerMapping : Mapped "{[/error],produces=[text/html]}" onto public org.springframework.web.servlet.ModelAndView org.springframework.boot.autoconfigure.web.BasicErrorController.errorHtml(javax.servlet.http.HttpServletRequest,javax.servlet.http.HttpServletResponse)
2018-08-13 10:48:52.881  INFO 676 --- [main] o.s.w.s.handler.SimpleUrlHandlerMapping  : Mapped URL path [/webjars/**] onto handler of type [class org.springframework.web.servlet.resource.ResourceHttpRequestHandler]
2018-08-13 10:48:52.881  INFO 676 --- [main] o.s.w.s.handler.SimpleUrlHandlerMapping  : Mapped URL path [/**] onto handler of type [class org.springframework.web.servlet.resource.ResourceHttpRequestHandler]
2018-08-13 10:48:52.922  INFO 676 --- [main] o.s.w.s.handler.SimpleUrlHandlerMapping  : Mapped URL path [/**/favicon.ico] onto handler of type [class org.springframework.web.servlet.resource.ResourceHttpRequestHandler]
2018-08-13 10:48:53.398  INFO 676 --- [main] o.s.j.e.a.AnnotationMBeanExporter        : Registering beans for JMX exposure on startup
2018-08-13 10:48:53.449  INFO 676 --- [main] s.b.c.e.t.TomcatEmbeddedServletContainer : Tomcat started on port(s): 2201 (http)
2018-08-13 10:48:53.454  INFO 676 --- [main] c.e.s.SpringbootSecuringWebApplication   : Started SpringbootSecuringWebApplication in 3.753 seconds (JVM running for 4.258)
2018-08-13 10:48:59.140  INFO 676 --- [http-nio-2201-exec-1] o.a.c.c.C.[Tomcat].[localhost].[/]       : Initializing Spring FrameworkServlet 'dispatcherServlet'
2018-08-13 10:48:59.140  INFO 676 --- [http-nio-2201-exec-1] o.s.web.servlet.DispatcherServlet        : FrameworkServlet 'dispatcherServlet': initialization started
2018-08-13 10:48:59.175  INFO 676 --- [http-nio-2201-exec-1] o.s.web.servlet.DispatcherServlet        : FrameworkServlet 'dispatcherServlet': initialization completed in 34 ms
2018-08-13 10:54:31.771  INFO 8112 --- [main] c.e.s.SpringbootSecuringWebApplication   : Starting SpringbootSecuringWebApplication on lijiepeng-pc with PID 8112 (D:\0_workspace_mytest\01_github\SpringCloudDemo\springboot-securing-web\target\classes started by x_lilong in D:\0_workspace_mytest\01_github\SpringCloudDemo\springboot-securing-web)
2018-08-13 10:54:31.775  INFO 8112 --- [main] c.e.s.SpringbootSecuringWebApplication   : No active profile set, falling back to default profiles: default
2018-08-13 10:54:32.054  INFO 8112 --- [main] ationConfigEmbeddedWebApplicationContext : Refreshing org.springframework.boot.context.embedded.AnnotationConfigEmbeddedWebApplicationContext@1372ed45: startup date [Mon Aug 13 10:54:32 CST 2018]; root of context hierarchy
2018-08-13 10:54:33.683  INFO 8112 --- [main] s.b.c.e.t.TomcatEmbeddedServletContainer : Tomcat initialized with port(s): 2201 (http)
2018-08-13 10:54:33.716  INFO 8112 --- [main] o.apache.catalina.core.StandardService   : Starting service [Tomcat]
2018-08-13 10:54:33.717  INFO 8112 --- [main] org.apache.catalina.core.StandardEngine  : Starting Servlet Engine: Apache Tomcat/8.5.32
2018-08-13 10:54:33.934  INFO 8112 --- [localhost-startStop-1] o.a.c.c.C.[Tomcat].[localhost].[/]       : Initializing Spring embedded WebApplicationContext
2018-08-13 10:54:33.934  INFO 8112 --- [localhost-startStop-1] o.s.web.context.ContextLoader            : Root WebApplicationContext: initialization completed in 1884 ms
2018-08-13 10:54:34.258  INFO 8112 --- [localhost-startStop-1] o.s.b.w.servlet.FilterRegistrationBean   : Mapping filter: 'characterEncodingFilter' to: [/*]
2018-08-13 10:54:34.258  INFO 8112 --- [localhost-startStop-1] o.s.b.w.servlet.FilterRegistrationBean   : Mapping filter: 'hiddenHttpMethodFilter' to: [/*]
2018-08-13 10:54:34.259  INFO 8112 --- [localhost-startStop-1] o.s.b.w.servlet.FilterRegistrationBean   : Mapping filter: 'httpPutFormContentFilter' to: [/*]
2018-08-13 10:54:34.259  INFO 8112 --- [localhost-startStop-1] o.s.b.w.servlet.FilterRegistrationBean   : Mapping filter: 'requestContextFilter' to: [/*]
2018-08-13 10:54:34.260  INFO 8112 --- [localhost-startStop-1] .s.DelegatingFilterProxyRegistrationBean : Mapping filter: 'springSecurityFilterChain' to: [/*]
2018-08-13 10:54:34.261  INFO 8112 --- [localhost-startStop-1] o.s.b.w.servlet.ServletRegistrationBean  : Mapping servlet: 'dispatcherServlet' to [/]
2018-08-13 10:54:34.707  INFO 8112 --- [main] o.s.s.web.DefaultSecurityFilterChain     : Creating filter chain: org.springframework.security.web.util.matcher.AnyRequestMatcher@1, [org.springframework.security.web.context.request.async.WebAsyncManagerIntegrationFilter@68e62ca4, org.springframework.security.web.context.SecurityContextPersistenceFilter@1813f3e9, org.springframework.security.web.header.HeaderWriterFilter@bcb09a6, org.springframework.security.web.csrf.CsrfFilter@3068b369, org.springframework.security.web.authentication.logout.LogoutFilter@5f462e3b, org.springframework.security.web.authentication.UsernamePasswordAuthenticationFilter@5cbb84b1, org.springframework.security.web.savedrequest.RequestCacheAwareFilter@3b152928, org.springframework.security.web.servletapi.SecurityContextHolderAwareRequestFilter@644abb8f, org.springframework.security.web.authentication.AnonymousAuthenticationFilter@5328a9c1, org.springframework.security.web.session.SessionManagementFilter@a619c2, org.springframework.security.web.access.ExceptionTranslationFilter@272a179c, org.springframework.security.web.access.intercept.FilterSecurityInterceptor@2b87581]
2018-08-13 10:54:34.928  INFO 8112 --- [main] s.w.s.m.m.a.RequestMappingHandlerAdapter : Looking for @ControllerAdvice: org.springframework.boot.context.embedded.AnnotationConfigEmbeddedWebApplicationContext@1372ed45: startup date [Mon Aug 13 10:54:32 CST 2018]; root of context hierarchy
2018-08-13 10:54:35.015  INFO 8112 --- [main] s.w.s.m.m.a.RequestMappingHandlerMapping : Mapped "{[/error]}" onto public org.springframework.http.ResponseEntity<java.util.Map<java.lang.String, java.lang.Object>> org.springframework.boot.autoconfigure.web.BasicErrorController.error(javax.servlet.http.HttpServletRequest)
2018-08-13 10:54:35.017  INFO 8112 --- [main] s.w.s.m.m.a.RequestMappingHandlerMapping : Mapped "{[/error],produces=[text/html]}" onto public org.springframework.web.servlet.ModelAndView org.springframework.boot.autoconfigure.web.BasicErrorController.errorHtml(javax.servlet.http.HttpServletRequest,javax.servlet.http.HttpServletResponse)
2018-08-13 10:54:35.034  INFO 8112 --- [main] o.s.w.s.handler.SimpleUrlHandlerMapping  : Mapped URL path [/home] onto handler of type [class org.springframework.web.servlet.mvc.ParameterizableViewController]
2018-08-13 10:54:35.036  INFO 8112 --- [main] o.s.w.s.handler.SimpleUrlHandlerMapping  : Root mapping to handler of type [class org.springframework.web.servlet.mvc.ParameterizableViewController]
2018-08-13 10:54:35.038  INFO 8112 --- [main] o.s.w.s.handler.SimpleUrlHandlerMapping  : Mapped URL path [/hello] onto handler of type [class org.springframework.web.servlet.mvc.ParameterizableViewController]
2018-08-13 10:54:35.039  INFO 8112 --- [main] o.s.w.s.handler.SimpleUrlHandlerMapping  : Mapped URL path [/login] onto handler of type [class org.springframework.web.servlet.mvc.ParameterizableViewController]
2018-08-13 10:54:35.057  INFO 8112 --- [main] o.s.w.s.handler.SimpleUrlHandlerMapping  : Mapped URL path [/webjars/**] onto handler of type [class org.springframework.web.servlet.resource.ResourceHttpRequestHandler]
2018-08-13 10:54:35.057  INFO 8112 --- [main] o.s.w.s.handler.SimpleUrlHandlerMapping  : Mapped URL path [/**] onto handler of type [class org.springframework.web.servlet.resource.ResourceHttpRequestHandler]
2018-08-13 10:54:35.106  INFO 8112 --- [main] o.s.w.s.handler.SimpleUrlHandlerMapping  : Mapped URL path [/**/favicon.ico] onto handler of type [class org.springframework.web.servlet.resource.ResourceHttpRequestHandler]
2018-08-13 10:54:35.651  INFO 8112 --- [main] o.s.j.e.a.AnnotationMBeanExporter        : Registering beans for JMX exposure on startup
2018-08-13 10:54:35.814  INFO 8112 --- [main] s.b.c.e.t.TomcatEmbeddedServletContainer : Tomcat started on port(s): 2201 (http)
2018-08-13 10:54:35.819  INFO 8112 --- [main] c.e.s.SpringbootSecuringWebApplication   : Started SpringbootSecuringWebApplication in 4.436 seconds (JVM running for 4.973)
2018-08-13 10:55:00.854  INFO 8112 --- [http-nio-2201-exec-1] o.a.c.c.C.[Tomcat].[localhost].[/]       : Initializing Spring FrameworkServlet 'dispatcherServlet'
2018-08-13 10:55:00.854  INFO 8112 --- [http-nio-2201-exec-1] o.s.web.servlet.DispatcherServlet        : FrameworkServlet 'dispatcherServlet': initialization started
2018-08-13 10:55:00.889  INFO 8112 --- [http-nio-2201-exec-1] o.s.web.servlet.DispatcherServlet        : FrameworkServlet 'dispatcherServlet': initialization completed in 35 ms
